<?xml version="1.0" encoding="UTF-8"?>
<testsuite name="Academy Choucair" tests="1" skipped="0" failures="0" errors="0" timestamp="2021-02-06T13:20:37" hostname="ALEXANDEROÃ‘ATE" time="43.938">
  <properties/>
  <testcase name="Search for an automation course" classname="Academy Choucair" time="43.938"/>
  <system-out><![CDATA[08:20:37.530 [Test worker] INFO io.cucumber.core.plugin.SerenityReporter - Running feature from file:///D:/Documents/Dev/IntelliJ/co.com.choucair.certification.proyectbase/src/test/resources/features/academyChoucair.feature
08:20:37.530 [Test worker] WARN io.cucumber.core.plugin.SerenityReporter - Feature from file:///D:/Documents/Dev/IntelliJ/co.com.choucair.certification.proyectbase/src/test/resources/features/academyChoucair.feature is not under the 'features' directory. Requirements report will not be correctly generated!
08:20:37.666 [Test worker] INFO  - 
 _____ _____ ____ _____   ____ _____  _    ____ _____ _____ ____  
|_   _| ____/ ___|_   _| / ___|_   _|/ \  |  _ \_   _| ____|  _ \ 
  | | |  _| \___ \ | |   \___ \ | | / _ \ | |_) || | |  _| | | | |
  | | | |___ ___) || |    ___) || |/ ___ \|  _ < | | | |___| |_| |
  |_| |_____|____/ |_|   |____/ |_/_/   \_\_| \_\|_| |_____|____/ 

Search for an automation course(academy-choucair;search-for-an-automation-course)
-------------------------------------------------------------------
08:20:37.750 [Test worker] DEBUG net.thucydides.core.requirements.model.cucumber.CucumberParser - Added feature Academy Choucair
Step argument class io.cucumber.core.gherkin.messages.GherkinMessagesDataTableArgument
08:20:38.609 [Test worker] DEBUG net.thucydides.core.steps.StepInterceptor - STARTING STEP: ChoucairAcademyStepDefinitions.thanAlexWantsToLearnAutomationAtTheAcademyChoucair - performAs
08:20:38.633 [Test worker] DEBUG net.thucydides.core.steps.StepInterceptor - STARTING STEP: OpenUp.performAs - {0} opens the #targetPage
08:20:38.741 [Test worker] INFO net.serenitybdd.core.webdriver.driverproviders.ChromeDriverProvider - Using automatically driver download
08:20:39.291 [Test worker] DEBUG io.github.bonigarcia.wdm.cache.ResolutionCache - Removing resolution chrome=88 from cache (expired on Fri Feb 05 20:51:24 COT 2021)
08:20:39.301 [Test worker] DEBUG io.github.bonigarcia.wdm.versions.Shell - Running command on the shell: [wmic.exe, datafile, where, name='C:\\Program Files (x86)\\Google\\Chrome\\Application\\chrome.exe', get, Version, /value]
08:20:39.644 [Test worker] DEBUG io.github.bonigarcia.wdm.versions.Shell - Result: 
08:20:39.646 [Test worker] DEBUG io.github.bonigarcia.wdm.versions.Shell - Running command on the shell: [wmic.exe, datafile, where, name='C:\\Users\\Alex\\AppData\\Local\\Google\\Chrome\\Application\\chrome.exe', get, Version, /value]
08:20:39.910 [Test worker] DEBUG io.github.bonigarcia.wdm.versions.Shell - Result: 
08:20:39.912 [Test worker] DEBUG io.github.bonigarcia.wdm.versions.Shell - Running command on the shell: [wmic.exe, datafile, where, name='C:\\Program Files\\Google\\Chrome\\Application\\chrome.exe', get, Version, /value]
08:20:40.155 [Test worker] DEBUG io.github.bonigarcia.wdm.versions.Shell - Result: Version=88.0.4324.150
08:20:40.158 [Test worker] DEBUG io.github.bonigarcia.wdm.cache.ResolutionCache - Resolution chrome88=88.0.4324.96 in cache (valid until 19:51:24 06/02/2021 COT)
08:20:40.161 [Test worker] INFO io.github.bonigarcia.wdm.WebDriverManager - Using chromedriver 88.0.4324.96 (resolved driver for Chrome 88)
08:20:40.168 [Test worker] DEBUG io.github.bonigarcia.wdm.cache.ResolutionCache - Storing resolution chrome=88 in cache (valid until 09:20:40 06/02/2021 COT)
08:20:40.189 [Test worker] DEBUG io.github.bonigarcia.wdm.WebDriverManager - Driver chromedriver 88.0.4324.96 found in cache
08:20:40.192 [Test worker] INFO io.github.bonigarcia.wdm.WebDriverManager - Exporting webdriver.chrome.driver as C:\Users\Alex\.cache\selenium\chromedriver\win32\88.0.4324.96\chromedriver.exe
08:20:41.704 [Test worker] INFO net.serenitybdd.core.webdriver.driverproviders.ProvideNewDriver - Instantiating driver
08:20:41.704 [Test worker] INFO net.serenitybdd.core.webdriver.driverproviders.ProvideNewDriver - Driver capabilities: Capabilities {acceptInsecureCerts: false, browserName: chrome, goog:chromeOptions: {args: [], extensions: []}, loggingPrefs: org.openqa.selenium.logging...}
08:20:49.454 [Test worker] DEBUG net.serenitybdd.core.photography.Darkroom - Opening darkroom
08:20:49.459 [Darkroom Processing Line] DEBUG net.serenitybdd.core.photography.DarkroomProcessingLine - Darkroom processing line starting up
08:20:51.610 [Test worker] DEBUG net.serenitybdd.core.photography.Darkroom - Send negative for processing for target\site\serenity\9d375d0c2a128be2eae3fd9a61ece506ab9d253ca27a7741f5ec8eae46bfce01.png
08:20:51.630 [Test worker] DEBUG net.thucydides.core.steps.StepInterceptor - STEP DONE: {0} opens the #targetPage
08:20:53.136 [Test worker] DEBUG net.serenitybdd.core.photography.Darkroom - Send negative for processing for target\site\serenity\9d375d0c2a128be2eae3fd9a61ece506ab9d253ca27a7741f5ec8eae46bfce01.png
08:20:53.137 [Test worker] DEBUG net.thucydides.core.steps.StepInterceptor - STEP DONE: performAs
08:20:53.149 [Test worker] DEBUG net.thucydides.core.steps.StepInterceptor - STARTING STEP: ChoucairAcademyStepDefinitions.thanAlexWantsToLearnAutomationAtTheAcademyChoucair - performAs
08:20:53.301 [Test worker] DEBUG net.thucydides.core.steps.StepInterceptor - STARTING STEP: Login.performAs - {0} clicks on #target
08:20:53.308 [Test worker] DEBUG net.serenitybdd.screenplay.targets.IFrameSwitcher - default content already selected for Button that shows us the form to login
08:20:55.438 [Test worker] DEBUG net.serenitybdd.core.photography.Darkroom - Send negative for processing for target\site\serenity\fa6055ddf97bbcd954f4e1e90fba6c4a59f574bf09e443a383ed66fa25967aa4.png
08:20:55.438 [Test worker] DEBUG net.thucydides.core.steps.StepInterceptor - STEP DONE: {0} clicks on #target
08:20:55.438 [Darkroom Processing Line] DEBUG net.serenitybdd.core.photography.DarkroomProcessingLine - Processing screenshot image in /var/screenshots/screenshot-8438279675559240595
08:20:55.438 [Darkroom Processing Line] DEBUG net.serenitybdd.core.photography.DarkroomProcessingLine - Saving screenshot to target\site\serenity\fa6055ddf97bbcd954f4e1e90fba6c4a59f574bf09e443a383ed66fa25967aa4.png
08:20:55.461 [Test worker] DEBUG net.thucydides.core.steps.StepInterceptor - STARTING STEP: Login.performAs - {0} enters #theTextAsAString into #target
08:20:55.461 [Test worker] DEBUG net.serenitybdd.screenplay.targets.IFrameSwitcher - default content already selected for where do we write the user
08:20:57.191 [Test worker] DEBUG net.serenitybdd.core.photography.Darkroom - Send negative for processing for target\site\serenity\5ad2c7ade752b6c3dab77443dac1c8068af969f7db14b49ca2c5af6de20a8514.png
08:20:57.191 [Test worker] DEBUG net.thucydides.core.steps.StepInterceptor - STEP DONE: {0} enters #theTextAsAString into #target
08:20:57.211 [Test worker] DEBUG net.thucydides.core.steps.StepInterceptor - STARTING STEP: Login.performAs - {0} enters #theTextAsAString into #target
08:20:57.211 [Test worker] DEBUG net.serenitybdd.screenplay.targets.IFrameSwitcher - default content already selected for where do we write the password
08:20:59.031 [Test worker] DEBUG net.serenitybdd.core.photography.Darkroom - Send negative for processing for target\site\serenity\9f0859e0975ce8df2b96f626a7c24333dfdf17bfc41a1848c87721635c640d59.png
08:20:59.031 [Test worker] DEBUG net.thucydides.core.steps.StepInterceptor - STEP DONE: {0} enters #theTextAsAString into #target
08:20:59.046 [Test worker] DEBUG net.thucydides.core.steps.StepInterceptor - STARTING STEP: Login.performAs - {0} clicks on #target
08:20:59.046 [Test worker] DEBUG net.serenitybdd.screenplay.targets.IFrameSwitcher - default content already selected for button to confirm login
08:21:04.770 [Test worker] DEBUG net.serenitybdd.core.photography.Darkroom - Send negative for processing for target\site\serenity\4145fb7e8b0c88e597b44017e77ec825d4e0cf30a4593ac66ce4fe4eed02ff47.png
08:21:04.770 [Test worker] DEBUG net.thucydides.core.steps.StepInterceptor - STEP DONE: {0} clicks on #target
08:21:04.797 [Test worker] DEBUG net.thucydides.core.steps.StepInterceptor - STEP DONE: performAs
08:21:05.550 [Test worker] DEBUG net.serenitybdd.core.photography.Darkroom - Send negative for processing for target\site\serenity\4145fb7e8b0c88e597b44017e77ec825d4e0cf30a4593ac66ce4fe4eed02ff47.png
Step argument class io.cucumber.core.gherkin.messages.GherkinMessagesDataTableArgument
08:21:05.601 [Test worker] DEBUG net.thucydides.core.steps.StepInterceptor - STARTING STEP: ChoucairAcademyStepDefinitions.heSearchForTheCourseRecursosAutomatizacionBancolombiaOnTheChoucairAcademyPlatform - performAs
08:21:05.617 [Test worker] DEBUG net.thucydides.core.steps.StepInterceptor - STARTING STEP: Search.performAs - {0} clicks on #target
08:21:05.617 [Test worker] DEBUG net.serenitybdd.screenplay.targets.IFrameSwitcher - default content already selected for link to the search page
08:21:09.442 [Test worker] DEBUG net.serenitybdd.core.photography.Darkroom - Send negative for processing for target\site\serenity\3e4efe2022b9dffe935628d6f60dd217011e095965c4ff6c1c1ce8f9ae903941.png
08:21:09.442 [Test worker] DEBUG net.thucydides.core.steps.StepInterceptor - STEP DONE: {0} clicks on #target
08:21:09.442 [Test worker] DEBUG net.thucydides.core.steps.StepInterceptor - STARTING STEP: Search.performAs - {0} enters #theTextAsAString into #target
08:21:09.442 [Test worker] DEBUG net.serenitybdd.screenplay.targets.IFrameSwitcher - default content already selected for where to write the course to search
08:21:11.261 [Test worker] DEBUG net.serenitybdd.core.photography.Darkroom - Send negative for processing for target\site\serenity\513af700ebae1fe2956ccffd6305357742b86c5bedae0dc40078352f26efbcbe.png
08:21:11.261 [Test worker] DEBUG net.thucydides.core.steps.StepInterceptor - STEP DONE: {0} enters #theTextAsAString into #target
08:21:11.261 [Test worker] DEBUG net.thucydides.core.steps.StepInterceptor - STARTING STEP: Search.performAs - {0} clicks on #target
08:21:11.261 [Test worker] DEBUG net.serenitybdd.screenplay.targets.IFrameSwitcher - default content already selected for button to confirm search
08:21:14.411 [Test worker] DEBUG net.serenitybdd.core.photography.Darkroom - Send negative for processing for target\site\serenity\2fb0a02fa6af56a22e8cfba1d90ac2452388b3645229209ec131fc8d3ce2ff33.png
08:21:14.412 [Test worker] DEBUG net.thucydides.core.steps.StepInterceptor - STEP DONE: {0} clicks on #target
08:21:14.418 [Test worker] DEBUG net.thucydides.core.steps.StepInterceptor - STARTING STEP: Search.performAs - {0} clicks on #target
08:21:14.418 [Test worker] DEBUG net.serenitybdd.screenplay.targets.IFrameSwitcher - default content already selected for link to the course page
08:21:17.021 [Test worker] DEBUG net.serenitybdd.core.photography.Darkroom - Send negative for processing for target\site\serenity\0d006a804b29c945864119b4a6b5ed40661643b0d1a443d4df7970edded8aa74.png
08:21:17.021 [Test worker] DEBUG net.thucydides.core.steps.StepInterceptor - STEP DONE: {0} clicks on #target
08:21:17.051 [Test worker] DEBUG net.thucydides.core.steps.StepInterceptor - STEP DONE: performAs
08:21:17.988 [Test worker] DEBUG net.serenitybdd.core.photography.Darkroom - Send negative for processing for target\site\serenity\0d006a804b29c945864119b4a6b5ed40661643b0d1a443d4df7970edded8aa74.png
Step argument class io.cucumber.core.gherkin.messages.GherkinMessagesDataTableArgument
08:21:18.301 [Test worker] DEBUG net.serenitybdd.screenplay.targets.IFrameSwitcher - default content already selected for Extraer el nombre del curso
08:21:19.307 [Test worker] DEBUG net.serenitybdd.core.photography.Darkroom - Send negative for processing for target\site\serenity\0d006a804b29c945864119b4a6b5ed40661643b0d1a443d4df7970edded8aa74.png
08:21:20.246 [Test worker] DEBUG net.serenitybdd.core.photography.Darkroom - Send negative for processing for target\site\serenity\0d006a804b29c945864119b4a6b5ed40661643b0d1a443d4df7970edded8aa74.png
08:21:21.260 [Test worker] INFO  - 
        __    _____ _____ ____ _____   ____   _    ____  ____  _____ ____  
  _     \ \  |_   _| ____/ ___|_   _| |  _ \ / \  / ___|/ ___|| ____|  _ \ 
 (_)_____| |   | | |  _| \___ \ | |   | |_) / _ \ \___ \\___ \|  _| | | | |
  _|_____| |   | | | |___ ___) || |   |  __/ ___ \ ___) |___) | |___| |_| |
 (_)     | |   |_| |_____|____/ |_|   |_| /_/   \_\____/|____/|_____|____/ 
        /_/                                                                

Search for an automation course
----------------------------------------------------------------------------
]]></system-out>
  <system-err><![CDATA[Starting ChromeDriver 88.0.4324.96 (68dba2d8a0b149a1d3afac56fa74648032bcf46b-refs/branch-heads/4324@{#1784}) on port 46597
Only local connections are allowed.
Please see https://chromedriver.chromium.org/security-considerations for suggestions on keeping ChromeDriver safe.
ChromeDriver was started successfully.
feb 06, 2021 8:20:44 AM org.openqa.selenium.remote.ProtocolHandshake createSession
INFORMACIÃ“N: Detected dialect: W3C
]]></system-err>
</testsuite>
