<?xml version="1.0" encoding="UTF-8"?>
<testsuite name="Academy Choucair" tests="1" skipped="0" failures="0" errors="0" timestamp="2021-02-08T14:54:50" hostname="ALEXANDEROÃ‘ATE" time="26.455">
  <properties/>
  <testcase name="Search for an automation course" classname="Academy Choucair" time="26.455"/>
  <system-out><![CDATA[09:54:50.978 [Test worker] INFO io.cucumber.core.plugin.SerenityReporter - Running feature from file:///D:/Documents/Dev/IntelliJ/co.com.choucair.certification.proyectbase/src/test/resources/features/academyChoucair.feature
09:54:50.978 [Test worker] WARN io.cucumber.core.plugin.SerenityReporter - Feature from file:///D:/Documents/Dev/IntelliJ/co.com.choucair.certification.proyectbase/src/test/resources/features/academyChoucair.feature is not under the 'features' directory. Requirements report will not be correctly generated!
09:54:51.047 [Test worker] INFO  - 
 _____ _____ ____ _____   ____ _____  _    ____ _____ _____ ____  
|_   _| ____/ ___|_   _| / ___|_   _|/ \  |  _ \_   _| ____|  _ \ 
  | | |  _| \___ \ | |   \___ \ | | / _ \ | |_) || | |  _| | | | |
  | | | |___ ___) || |    ___) || |/ ___ \|  _ < | | | |___| |_| |
  |_| |_____|____/ |_|   |____/ |_/_/   \_\_| \_\|_| |_____|____/ 

Search for an automation course(academy-choucair;search-for-an-automation-course)
-------------------------------------------------------------------
09:54:51.094 [Test worker] DEBUG net.thucydides.core.requirements.model.cucumber.CucumberParser - Added feature Academy Choucair
Step argument class io.cucumber.core.gherkin.messages.GherkinMessagesDataTableArgument
09:54:51.495 [Test worker] DEBUG net.thucydides.core.steps.StepInterceptor - STARTING STEP: ChoucairAcademyStepDefinitions.thanAlexWantsToLearnAutomationAtTheAcademyChoucair - performAs
09:54:51.514 [Test worker] DEBUG net.thucydides.core.steps.StepInterceptor - STARTING STEP: OpenUp.performAs - {0} opens the #targetPage
09:54:51.584 [Test worker] INFO net.serenitybdd.core.webdriver.driverproviders.ChromeDriverProvider - Using automatically driver download
09:54:51.817 [Test worker] DEBUG io.github.bonigarcia.wdm.cache.ResolutionCache - Resolution chrome=88 in cache (valid until 10:43:02 08/02/2021 COT)
09:54:51.817 [Test worker] DEBUG io.github.bonigarcia.wdm.cache.ResolutionCache - Resolution chrome88=88.0.4324.96 in cache (valid until 09:43:02 09/02/2021 COT)
09:54:51.833 [Test worker] INFO io.github.bonigarcia.wdm.WebDriverManager - Using chromedriver 88.0.4324.96 (resolved driver for Chrome 88)
09:54:51.833 [Test worker] DEBUG io.github.bonigarcia.wdm.WebDriverManager - Driver chromedriver 88.0.4324.96 found in cache
09:54:51.833 [Test worker] INFO io.github.bonigarcia.wdm.WebDriverManager - Exporting webdriver.chrome.driver as C:\Users\Alex\.cache\selenium\chromedriver\win32\88.0.4324.96\chromedriver.exe
09:54:52.852 [Test worker] INFO net.serenitybdd.core.webdriver.driverproviders.ProvideNewDriver - Instantiating driver
09:54:52.852 [Test worker] INFO net.serenitybdd.core.webdriver.driverproviders.ProvideNewDriver - Driver capabilities: Capabilities {acceptInsecureCerts: false, browserName: chrome, goog:chromeOptions: {args: [], extensions: []}, loggingPrefs: org.openqa.selenium.logging...}
09:54:59.089 [Test worker] DEBUG net.serenitybdd.core.photography.Darkroom - Opening darkroom
09:54:59.089 [Darkroom Processing Line] DEBUG net.serenitybdd.core.photography.DarkroomProcessingLine - Darkroom processing line starting up
09:54:59.888 [Test worker] DEBUG net.serenitybdd.core.photography.Darkroom - Send negative for processing for target\site\serenity\9d375d0c2a128be2eae3fd9a61ece506ab9d253ca27a7741f5ec8eae46bfce01.png
09:54:59.904 [Test worker] DEBUG net.thucydides.core.steps.StepInterceptor - STEP DONE: {0} opens the #targetPage
09:54:59.910 [Test worker] DEBUG net.thucydides.core.steps.StepInterceptor - STEP DONE: performAs
09:54:59.910 [Test worker] DEBUG net.thucydides.core.steps.StepInterceptor - STARTING STEP: ChoucairAcademyStepDefinitions.thanAlexWantsToLearnAutomationAtTheAcademyChoucair - performAs
09:54:59.942 [Test worker] DEBUG net.thucydides.core.steps.StepInterceptor - STARTING STEP: Login.performAs - {0} clicks on #target
09:54:59.942 [Test worker] DEBUG net.serenitybdd.screenplay.targets.IFrameSwitcher - default content already selected for Button that shows us the form to login
09:55:01.225 [Test worker] DEBUG net.serenitybdd.core.photography.Darkroom - Send negative for processing for target\site\serenity\6b8d752ba84f66b9ee6d7cf552341e0c0f8de653e571ebb637eb2ba6cd1151c7.png
09:55:01.225 [Test worker] DEBUG net.thucydides.core.steps.StepInterceptor - STEP DONE: {0} clicks on #target
09:55:01.225 [Darkroom Processing Line] DEBUG net.serenitybdd.core.photography.DarkroomProcessingLine - Processing screenshot image in /var/screenshots/screenshot-8001474569593879850
09:55:01.227 [Darkroom Processing Line] DEBUG net.serenitybdd.core.photography.DarkroomProcessingLine - Saving screenshot to target\site\serenity\6b8d752ba84f66b9ee6d7cf552341e0c0f8de653e571ebb637eb2ba6cd1151c7.png
09:55:01.227 [Test worker] DEBUG net.thucydides.core.steps.StepInterceptor - STARTING STEP: Login.performAs - {0} enters #theTextAsAString into #target
09:55:01.227 [Test worker] DEBUG net.serenitybdd.screenplay.targets.IFrameSwitcher - default content already selected for where do we write the user
09:55:02.620 [Test worker] DEBUG net.serenitybdd.core.photography.Darkroom - Send negative for processing for target\site\serenity\5ad2c7ade752b6c3dab77443dac1c8068af969f7db14b49ca2c5af6de20a8514.png
09:55:02.620 [Test worker] DEBUG net.thucydides.core.steps.StepInterceptor - STEP DONE: {0} enters #theTextAsAString into #target
09:55:02.620 [Test worker] DEBUG net.thucydides.core.steps.StepInterceptor - STARTING STEP: Login.performAs - {0} enters #theTextAsAString into #target
09:55:02.629 [Test worker] DEBUG net.serenitybdd.screenplay.targets.IFrameSwitcher - default content already selected for where do we write the password
09:55:04.029 [Test worker] DEBUG net.serenitybdd.core.photography.Darkroom - Send negative for processing for target\site\serenity\9f0859e0975ce8df2b96f626a7c24333dfdf17bfc41a1848c87721635c640d59.png
09:55:04.029 [Test worker] DEBUG net.thucydides.core.steps.StepInterceptor - STEP DONE: {0} enters #theTextAsAString into #target
09:55:04.037 [Test worker] DEBUG net.thucydides.core.steps.StepInterceptor - STARTING STEP: Login.performAs - {0} clicks on #target
09:55:04.038 [Test worker] DEBUG net.serenitybdd.screenplay.targets.IFrameSwitcher - default content already selected for button to confirm login
09:55:07.983 [Test worker] DEBUG net.serenitybdd.core.photography.Darkroom - Send negative for processing for target\site\serenity\2a1a7a3fe030db5c70f12c6226815e3cf634cf7f0419dc42d8e0bb193a676a15.png
09:55:07.983 [Test worker] DEBUG net.thucydides.core.steps.StepInterceptor - STEP DONE: {0} clicks on #target
09:55:07.999 [Test worker] DEBUG net.thucydides.core.steps.StepInterceptor - STEP DONE: performAs
Step argument class io.cucumber.core.gherkin.messages.GherkinMessagesDataTableArgument
09:55:08.014 [Test worker] DEBUG net.thucydides.core.steps.StepInterceptor - STARTING STEP: ChoucairAcademyStepDefinitions.heSearchForTheCourseRecursosAutomatizacionBancolombiaOnTheChoucairAcademyPlatform - performAs
09:55:08.030 [Test worker] DEBUG net.thucydides.core.steps.StepInterceptor - STARTING STEP: Search.performAs - {0} clicks on #target
09:55:08.030 [Test worker] DEBUG net.serenitybdd.screenplay.targets.IFrameSwitcher - default content already selected for link to the search page
09:55:10.998 [Test worker] DEBUG net.serenitybdd.core.photography.Darkroom - Send negative for processing for target\site\serenity\3e4efe2022b9dffe935628d6f60dd217011e095965c4ff6c1c1ce8f9ae903941.png
09:55:10.998 [Test worker] DEBUG net.thucydides.core.steps.StepInterceptor - STEP DONE: {0} clicks on #target
09:55:11.014 [Test worker] DEBUG net.thucydides.core.steps.StepInterceptor - STARTING STEP: Search.performAs - {0} enters #theTextAsAString into #target
09:55:11.014 [Test worker] DEBUG net.serenitybdd.screenplay.targets.IFrameSwitcher - default content already selected for where to write the course to search
09:55:11.737 [Test worker] DEBUG net.serenitybdd.core.photography.Darkroom - Send negative for processing for target\site\serenity\513af700ebae1fe2956ccffd6305357742b86c5bedae0dc40078352f26efbcbe.png
09:55:11.737 [Test worker] DEBUG net.thucydides.core.steps.StepInterceptor - STEP DONE: {0} enters #theTextAsAString into #target
09:55:11.737 [Test worker] DEBUG net.thucydides.core.steps.StepInterceptor - STARTING STEP: Search.performAs - {0} clicks on #target
09:55:11.737 [Test worker] DEBUG net.serenitybdd.screenplay.targets.IFrameSwitcher - default content already selected for button to confirm search
09:55:13.676 [Test worker] DEBUG net.serenitybdd.core.photography.Darkroom - Send negative for processing for target\site\serenity\2fb0a02fa6af56a22e8cfba1d90ac2452388b3645229209ec131fc8d3ce2ff33.png
09:55:13.676 [Test worker] DEBUG net.thucydides.core.steps.StepInterceptor - STEP DONE: {0} clicks on #target
09:55:13.691 [Test worker] DEBUG net.thucydides.core.steps.StepInterceptor - STARTING STEP: Search.performAs - {0} clicks on #target
09:55:13.691 [Test worker] DEBUG net.serenitybdd.screenplay.targets.IFrameSwitcher - default content already selected for link to the course page
09:55:16.017 [Test worker] DEBUG net.serenitybdd.core.photography.Darkroom - Send negative for processing for target\site\serenity\beeda5e678625c03d29ae5a44d9041d3e11647ef6daf627cbca221730754c396.png
09:55:16.017 [Test worker] DEBUG net.thucydides.core.steps.StepInterceptor - STEP DONE: {0} clicks on #target
09:55:16.033 [Test worker] DEBUG net.thucydides.core.steps.StepInterceptor - STEP DONE: performAs
Step argument class io.cucumber.core.gherkin.messages.GherkinMessagesDataTableArgument
09:55:16.117 [Test worker] DEBUG net.serenitybdd.screenplay.targets.IFrameSwitcher - default content already selected for Extraer el nombre del curso
09:55:16.603 [Test worker] DEBUG net.serenitybdd.core.photography.Darkroom - Send negative for processing for target\site\serenity\beeda5e678625c03d29ae5a44d9041d3e11647ef6daf627cbca221730754c396.png
09:55:17.337 [Test worker] INFO  - 
        __    _____ _____ ____ _____   ____   _    ____  ____  _____ ____  
  _     \ \  |_   _| ____/ ___|_   _| |  _ \ / \  / ___|/ ___|| ____|  _ \ 
 (_)_____| |   | | |  _| \___ \ | |   | |_) / _ \ \___ \\___ \|  _| | | | |
  _|_____| |   | | | |___ ___) || |   |  __/ ___ \ ___) |___) | |___| |_| |
 (_)     | |   |_| |_____|____/ |_|   |_| /_/   \_\____/|____/|_____|____/ 
        /_/                                                                

Search for an automation course
----------------------------------------------------------------------------
]]></system-out>
  <system-err><![CDATA[Starting ChromeDriver 88.0.4324.96 (68dba2d8a0b149a1d3afac56fa74648032bcf46b-refs/branch-heads/4324@{#1784}) on port 45338
Only local connections are allowed.
Please see https://chromedriver.chromium.org/security-considerations for suggestions on keeping ChromeDriver safe.
ChromeDriver was started successfully.
feb 08, 2021 9:54:54 AM org.openqa.selenium.remote.ProtocolHandshake createSession
INFORMACIÃ“N: Detected dialect: W3C
]]></system-err>
</testsuite>
