<?xml version="1.0" encoding="UTF-8"?>
<testsuite name="co.com.choucair.certification.proyectbase.runners.RunnerTags" tests="0" skipped="0" failures="0" errors="0" timestamp="1970-01-01T00:00:00" hostname="ALEXANDEROÃ‘ATE" time="0.0">
  <properties/>
  <system-out><![CDATA[17:33:02.321 [Test worker] DEBUG net.thucydides.core.util.PropertiesFileLocalPreferences - LOADING LOCAL PROPERTIES FROM D:\Documents\Dev\IntelliJ\co.com.choucair.certification.proyectbase\serenity.properties 
17:33:02.752 [Test worker] DEBUG net.thucydides.core.util.PropertiesFileLocalPreferences - LOADING LOCAL PROPERTIES FROM D:\Documents\Dev\IntelliJ\co.com.choucair.certification.proyectbase\serenity.properties 
17:33:02.752 [Test worker] DEBUG net.thucydides.core.util.PropertiesFileLocalPreferences - LOADING LOCAL PROPERTIES FROM D:\Documents\Dev\IntelliJ\co.com.choucair.certification.proyectbase\serenity.properties 
17:33:02.759 [Test worker] DEBUG net.thucydides.core.util.PropertiesFileLocalPreferences - webdriver.driver=chrome
17:33:02.759 [Test worker] DEBUG net.thucydides.core.util.PropertiesFileLocalPreferences - webdriver.chrome.driver=src/test/resources/driver/chromedriver.exe
17:33:02.759 [Test worker] DEBUG net.thucydides.core.util.PropertiesFileLocalPreferences - feature.file.encoding=UTF8
17:33:02.759 [Test worker] DEBUG net.thucydides.core.util.PropertiesFileLocalPreferences - chrome.swithces=--start-maximized
17:33:02.759 [Test worker] DEBUG net.thucydides.core.util.PropertiesFileLocalPreferences - serenity.report.encoding=UTF8
17:33:02.759 [Test worker] DEBUG net.thucydides.core.util.PropertiesFileLocalPreferences - serenity.test.root=net.thucydides.showcase.cucumber.junit
17:33:02.759 [Test worker] DEBUG net.thucydides.core.util.PropertiesFileLocalPreferences - serenity.verbose.steps=FALSE
17:33:02.759 [Test worker] DEBUG net.thucydides.core.util.PropertiesFileLocalPreferences - webdriver.timeout.implicitlywait=10000
17:33:02.759 [Test worker] DEBUG net.thucydides.core.util.PropertiesFileLocalPreferences - serenity.project.name=Demo Project suing Serenity and Cucumber
17:33:02.759 [Test worker] DEBUG net.thucydides.core.util.PropertiesFileLocalPreferences - serenity.take.screenshots=AFTER_EACH_STEP
17:33:03.702 [Test worker] INFO io.cucumber.core.plugin.SerenityReporter - Running feature from file:///D:/Documents/Dev/IntelliJ/co.com.choucair.certification.proyectbase/src/test/resources/features/academyChoucair.feature
17:33:03.702 [Test worker] WARN io.cucumber.core.plugin.SerenityReporter - Feature from file:///D:/Documents/Dev/IntelliJ/co.com.choucair.certification.proyectbase/src/test/resources/features/academyChoucair.feature is not under the 'features' directory. Requirements report will not be correctly generated!
17:33:03.865 [Test worker] DEBUG net.thucydides.core.util.PropertiesFileLocalPreferences - LOADING LOCAL PROPERTIES FROM D:\Documents\Dev\IntelliJ\co.com.choucair.certification.proyectbase\serenity.properties 
17:33:03.918 [Test worker] DEBUG net.thucydides.core.util.PropertiesFileLocalPreferences - LOADING LOCAL PROPERTIES FROM D:\Documents\Dev\IntelliJ\co.com.choucair.certification.proyectbase\serenity.properties 
17:33:03.918 [Test worker] DEBUG net.thucydides.core.util.PropertiesFileLocalPreferences - LOADING LOCAL PROPERTIES FROM D:\Documents\Dev\IntelliJ\co.com.choucair.certification.proyectbase\serenity.properties 
17:33:03.918 [Test worker] DEBUG net.thucydides.core.util.PropertiesFileLocalPreferences - webdriver.driver=chrome
17:33:03.918 [Test worker] DEBUG net.thucydides.core.util.PropertiesFileLocalPreferences - webdriver.chrome.driver=src/test/resources/driver/chromedriver.exe
17:33:03.918 [Test worker] DEBUG net.thucydides.core.util.PropertiesFileLocalPreferences - feature.file.encoding=UTF8
17:33:03.918 [Test worker] DEBUG net.thucydides.core.util.PropertiesFileLocalPreferences - chrome.swithces=--start-maximized
17:33:03.918 [Test worker] DEBUG net.thucydides.core.util.PropertiesFileLocalPreferences - serenity.report.encoding=UTF8
17:33:03.918 [Test worker] DEBUG net.thucydides.core.util.PropertiesFileLocalPreferences - serenity.test.root=net.thucydides.showcase.cucumber.junit
17:33:03.918 [Test worker] DEBUG net.thucydides.core.util.PropertiesFileLocalPreferences - serenity.verbose.steps=FALSE
17:33:03.918 [Test worker] DEBUG net.thucydides.core.util.PropertiesFileLocalPreferences - webdriver.timeout.implicitlywait=10000
17:33:03.918 [Test worker] DEBUG net.thucydides.core.util.PropertiesFileLocalPreferences - serenity.project.name=Demo Project suing Serenity and Cucumber
17:33:03.918 [Test worker] DEBUG net.thucydides.core.util.PropertiesFileLocalPreferences - serenity.take.screenshots=AFTER_EACH_STEP
17:33:03.918 [Test worker] INFO  - 

-------------------------------------------------------------------------------------
     _______. _______ .______       _______ .__   __.  __  .___________.____    ____ 
    /       ||   ____||   _  \     |   ____||  \ |  | |  | |           |\   \  /   / 
   |   (----`|  |__   |  |_)  |    |  |__   |   \|  | |  | `---|  |----` \   \/   /  
    \   \    |   __|  |      /     |   __|  |  . `  | |  |     |  |       \_    _/   
.----)   |   |  |____ |  |\  \----.|  |____ |  |\   | |  |     |  |         |  |     
|_______/    |_______|| _| `._____||_______||__| \__| |__|     |__|         |__|    
                                                                                     
 News and tutorials at http://www.serenity-bdd.info                                  
 Documentation at https://wakaleo.gitbooks.io/the-serenity-book/content/             
 Join the Serenity Community on Gitter: https://gitter.im/serenity-bdd/serenity-core 
 Serenity BDD Support and Training at http://serenity-bdd.info/#/trainingandsupport  
-------------------------------------------------------------------------------------

17:33:03.934 [Test worker] DEBUG net.thucydides.core.steps.StepEventBus - Test suite started for story net.thucydides.core.model.Story@7c2e0149
17:33:03.934 [Test worker] INFO  - Test Suite Started: Academy Choucair

1 Scenarios (?[32m1 passed?[0m)
3 Steps (?[32m3 passed?[0m)
0m24,717s


17:33:28.419 [Test worker] DEBUG net.thucydides.core.reports.ReportService - Reporting formats: [JSON, HTML]
17:33:28.535 [Test worker] DEBUG net.thucydides.core.reports.ReportService - Reporting formats: [JSON, HTML]
17:33:28.550 [Test worker] DEBUG net.thucydides.core.reports.ReportService - Generating reports for 1 test outcomes using: net.thucydides.core.reports.json.JSONTestOutcomeReporter@6880aaaf
17:33:28.566 [pool-1-thread-1] DEBUG net.thucydides.core.reports.ReportService - Processing test outcome Academy Choucair:Search for an automation course
17:33:28.566 [pool-1-thread-1] DEBUG net.thucydides.core.reports.ReportService - net.thucydides.core.reports.json.JSONTestOutcomeReporter@6880aaaf: Generating report for test outcome: Academy Choucair:Search for an automation course
17:33:28.566 [pool-1-thread-1] DEBUG net.thucydides.core.reports.json.JSONTestOutcomeReporter - Generating JSON report for Search for an automation course to file D:\Documents\Dev\IntelliJ\co.com.choucair.certification.proyectbase\target\site\serenity\533c322e7819417b7a9f60720ef5a9c2eb9bec385ec9723aba6190f82ff4c82d.json (using temp file D:\Documents\Dev\IntelliJ\co.com.choucair.certification.proyectbase\target\site\serenity\533c322e7819417b7a9f60720ef5a9c2eb9bec385ec9723aba6190f82ff4c82d.jsonb1df3a5b-9277-4bb9-b737-4f1e33e8e84a)
17:33:28.588 [pool-1-thread-1] DEBUG net.thucydides.core.reports.ReportService - Processing test outcome Academy Choucair:Search for an automation course done
17:33:28.588 [Test worker] DEBUG net.thucydides.core.reports.ReportService - Shutting down executor service
17:33:28.588 [Test worker] DEBUG net.thucydides.core.reports.ReportService - Reports generated in: 38 ms
17:33:28.588 [Test worker] DEBUG net.thucydides.core.reports.ReportService - Generating reports for 1 test outcomes using: net.thucydides.core.reports.html.HtmlAcceptanceTestReporter@1545d006
17:33:28.588 [pool-2-thread-1] DEBUG net.thucydides.core.reports.ReportService - Processing test outcome Academy Choucair:Search for an automation course
17:33:28.588 [pool-2-thread-1] DEBUG net.thucydides.core.reports.ReportService - net.thucydides.core.reports.html.HtmlAcceptanceTestReporter@1545d006: Generating report for test outcome: Academy Choucair:Search for an automation course
17:33:28.588 [pool-2-thread-1] DEBUG net.thucydides.core.reports.html.HtmlAcceptanceTestReporter - GENERATE TEST OUTCOME REPORT FOR Search for an automation course in 533c322e7819417b7a9f60720ef5a9c2eb9bec385ec9723aba6190f82ff4c82d
17:33:28.604 [pool-2-thread-1] DEBUG net.thucydides.core.requirements.PackageRequirementsTagProvider - Loading requirements from package requirements at: net.thucydides.showcase.cucumber.junit
17:33:29.020 [pool-2-thread-1] DEBUG net.thucydides.core.requirements.model.cucumber.CucumberParser - Added feature Academy Choucair
17:33:29.020 [pool-2-thread-1] DEBUG net.thucydides.core.requirements.RequirementsTagProvider -  found:[Requirement{name='Academy Choucair', type='feature' parent = 'null', cardNumber='null'}]
17:33:29.020 [pool-2-thread-1] DEBUG net.thucydides.core.requirements.BaseRequirementsService - Requirement found for test outcome Search for an automation course-[]: Optional[Requirement{name='Academy Choucair', type='feature' parent = 'null', cardNumber='null'}]
17:33:29.020 [pool-2-thread-1] DEBUG net.thucydides.core.requirements.BaseRequirementsService - Requirement found for test outcome Search for an automation course-[]: Optional[Requirement{name='Academy Choucair', type='feature' parent = 'null', cardNumber='null'}]
17:33:29.553 [pool-2-thread-1] DEBUG net.thucydides.core.requirements.BaseRequirementsService - Requirement found for test outcome Search for an automation course-[]: Optional[Requirement{name='Academy Choucair', type='feature' parent = 'null', cardNumber='null'}]
17:33:29.553 [pool-2-thread-1] DEBUG net.thucydides.core.requirements.BaseRequirementsService - Requirement found for test outcome Search for an automation course-[]: Optional[Requirement{name='Academy Choucair', type='feature' parent = 'null', cardNumber='null'}]
17:33:29.553 [pool-2-thread-1] DEBUG net.thucydides.core.reports.html.HtmlAcceptanceTestReporter - Generating report in 533c322e7819417b7a9f60720ef5a9c2eb9bec385ec9723aba6190f82ff4c82d_screenshots.html
17:33:29.907 [pool-2-thread-1] DEBUG net.thucydides.core.reports.html.HtmlAcceptanceTestReporter - Generated report 533c322e7819417b7a9f60720ef5a9c2eb9bec385ec9723aba6190f82ff4c82d_screenshots.html in 354 ms
17:33:29.907 [pool-2-thread-1] DEBUG net.thucydides.core.reports.html.HtmlAcceptanceTestReporter - GENERATING HTML REPORT FOR Academy Choucair:Search for an automation course in 533c322e7819417b7a9f60720ef5a9c2eb9bec385ec9723aba6190f82ff4c82d.html in directory target\site\serenity  
17:33:29.907 [pool-2-thread-1] DEBUG net.thucydides.core.reports.html.HtmlAcceptanceTestReporter - Generating report in 533c322e7819417b7a9f60720ef5a9c2eb9bec385ec9723aba6190f82ff4c82d.html
17:33:30.301 [pool-2-thread-1] DEBUG net.thucydides.core.reports.html.HtmlAcceptanceTestReporter - Generated report 533c322e7819417b7a9f60720ef5a9c2eb9bec385ec9723aba6190f82ff4c82d.html in 394 ms
17:33:30.301 [pool-2-thread-1] DEBUG net.thucydides.core.reports.ReportService - Processing test outcome Academy Choucair:Search for an automation course done
17:33:30.301 [Test worker] DEBUG net.thucydides.core.reports.ReportService - Shutting down executor service
17:33:30.301 [Test worker] DEBUG net.thucydides.core.reports.ReportService - Reports generated in: 1713 ms
17:33:30.470 [Test worker] DEBUG net.serenitybdd.core.photography.Darkroom - Closing darkroom
17:33:30.470 [Darkroom Processing Line] DEBUG net.serenitybdd.core.photography.DarkroomProcessingLine - Darkroom processing line shutting down
]]></system-out>
  <system-err><![CDATA[SLF4J: Class path contains multiple SLF4J bindings.
SLF4J: Found binding in [jar:file:/C:/Users/Alex/.gradle/caches/modules-2/files-2.1/ch.qos.logback/logback-classic/1.2.3/7c4f3c474fb2c041d8028740440937705ebb473a/logback-classic-1.2.3.jar!/org/slf4j/impl/StaticLoggerBinder.class]
SLF4J: Found binding in [jar:file:/C:/Users/Alex/.gradle/caches/modules-2/files-2.1/org.slf4j/slf4j-simple/1.7.7/8095d0b9f7e0a9cd79a663c740e0f8fb31d0e2c8/slf4j-simple-1.7.7.jar!/org/slf4j/impl/StaticLoggerBinder.class]
SLF4J: See http://www.slf4j.org/codes.html#multiple_bindings for an explanation.
SLF4J: Actual binding is of type [ch.qos.logback.classic.util.ContextSelectorStaticBinder]
]]></system-err>
</testsuite>
