<?xml version="1.0" encoding="UTF-8"?>
<testsuite name="co.com.choucair.certification.proyectbase.runners.RunnerTags" tests="0" skipped="0" failures="0" errors="0" timestamp="1970-01-01T00:00:00" hostname="ALEXANDEROÃ‘ATE" time="0.0">
  <properties/>
  <system-out><![CDATA[19:57:36.806 [Test worker] DEBUG net.thucydides.core.util.PropertiesFileLocalPreferences - LOADING LOCAL PROPERTIES FROM D:\Documents\Dev\IntelliJ\co.com.choucair.certification.proyectbase\serenity.properties 
19:57:37.247 [Test worker] DEBUG net.thucydides.core.util.PropertiesFileLocalPreferences - LOADING LOCAL PROPERTIES FROM D:\Documents\Dev\IntelliJ\co.com.choucair.certification.proyectbase\serenity.properties 
19:57:37.248 [Test worker] DEBUG net.thucydides.core.util.PropertiesFileLocalPreferences - LOADING LOCAL PROPERTIES FROM D:\Documents\Dev\IntelliJ\co.com.choucair.certification.proyectbase\serenity.properties 
19:57:37.275 [Test worker] DEBUG net.thucydides.core.util.PropertiesFileLocalPreferences - webdriver.driver=chrome
19:57:37.275 [Test worker] DEBUG net.thucydides.core.util.PropertiesFileLocalPreferences - webdriver.chrome.driver=src/test/resources/driver/chromedriver.exe
19:57:37.275 [Test worker] DEBUG net.thucydides.core.util.PropertiesFileLocalPreferences - feature.file.encoding=UTF8
19:57:37.275 [Test worker] DEBUG net.thucydides.core.util.PropertiesFileLocalPreferences - chrome.swithces=--start-maximized
19:57:37.276 [Test worker] DEBUG net.thucydides.core.util.PropertiesFileLocalPreferences - serenity.report.encoding=UTF8
19:57:37.276 [Test worker] DEBUG net.thucydides.core.util.PropertiesFileLocalPreferences - serenity.test.root=net.thucydides.showcase.cucumber.junit
19:57:37.277 [Test worker] DEBUG net.thucydides.core.util.PropertiesFileLocalPreferences - serenity.verbose.steps=FALSE
19:57:37.277 [Test worker] DEBUG net.thucydides.core.util.PropertiesFileLocalPreferences - webdriver.timeout.implicitlywait=10000
19:57:37.278 [Test worker] DEBUG net.thucydides.core.util.PropertiesFileLocalPreferences - serenity.project.name=Demo Project suing Serenity and Cucumber
19:57:37.278 [Test worker] DEBUG net.thucydides.core.util.PropertiesFileLocalPreferences - serenity.take.screenshots=AFTER_EACH_STEP
19:57:38.003 [Test worker] INFO io.cucumber.core.plugin.SerenityReporter - Running feature from file:///D:/Documents/Dev/IntelliJ/co.com.choucair.certification.proyectbase/src/test/resources/features/academyChoucair.feature
19:57:38.003 [Test worker] WARN io.cucumber.core.plugin.SerenityReporter - Feature from file:///D:/Documents/Dev/IntelliJ/co.com.choucair.certification.proyectbase/src/test/resources/features/academyChoucair.feature is not under the 'features' directory. Requirements report will not be correctly generated!
19:57:38.389 [Test worker] DEBUG net.thucydides.core.util.PropertiesFileLocalPreferences - LOADING LOCAL PROPERTIES FROM D:\Documents\Dev\IntelliJ\co.com.choucair.certification.proyectbase\serenity.properties 
19:57:38.640 [Test worker] DEBUG net.thucydides.core.util.PropertiesFileLocalPreferences - LOADING LOCAL PROPERTIES FROM D:\Documents\Dev\IntelliJ\co.com.choucair.certification.proyectbase\serenity.properties 
19:57:38.642 [Test worker] DEBUG net.thucydides.core.util.PropertiesFileLocalPreferences - LOADING LOCAL PROPERTIES FROM D:\Documents\Dev\IntelliJ\co.com.choucair.certification.proyectbase\serenity.properties 
19:57:38.646 [Test worker] DEBUG net.thucydides.core.util.PropertiesFileLocalPreferences - webdriver.driver=chrome
19:57:38.650 [Test worker] DEBUG net.thucydides.core.util.PropertiesFileLocalPreferences - webdriver.chrome.driver=src/test/resources/driver/chromedriver.exe
19:57:38.655 [Test worker] DEBUG net.thucydides.core.util.PropertiesFileLocalPreferences - feature.file.encoding=UTF8
19:57:38.657 [Test worker] DEBUG net.thucydides.core.util.PropertiesFileLocalPreferences - chrome.swithces=--start-maximized
19:57:38.660 [Test worker] DEBUG net.thucydides.core.util.PropertiesFileLocalPreferences - serenity.report.encoding=UTF8
19:57:38.661 [Test worker] DEBUG net.thucydides.core.util.PropertiesFileLocalPreferences - serenity.test.root=net.thucydides.showcase.cucumber.junit
19:57:38.661 [Test worker] DEBUG net.thucydides.core.util.PropertiesFileLocalPreferences - serenity.verbose.steps=FALSE
19:57:38.662 [Test worker] DEBUG net.thucydides.core.util.PropertiesFileLocalPreferences - webdriver.timeout.implicitlywait=10000
19:57:38.664 [Test worker] DEBUG net.thucydides.core.util.PropertiesFileLocalPreferences - serenity.project.name=Demo Project suing Serenity and Cucumber
19:57:38.665 [Test worker] DEBUG net.thucydides.core.util.PropertiesFileLocalPreferences - serenity.take.screenshots=AFTER_EACH_STEP
19:57:38.700 [Test worker] INFO  - 

-------------------------------------------------------------------------------------
     _______. _______ .______       _______ .__   __.  __  .___________.____    ____ 
    /       ||   ____||   _  \     |   ____||  \ |  | |  | |           |\   \  /   / 
   |   (----`|  |__   |  |_)  |    |  |__   |   \|  | |  | `---|  |----` \   \/   /  
    \   \    |   __|  |      /     |   __|  |  . `  | |  |     |  |       \_    _/   
.----)   |   |  |____ |  |\  \----.|  |____ |  |\   | |  |     |  |         |  |     
|_______/    |_______|| _| `._____||_______||__| \__| |__|     |__|         |__|    
                                                                                     
 News and tutorials at http://www.serenity-bdd.info                                  
 Documentation at https://wakaleo.gitbooks.io/the-serenity-book/content/             
 Join the Serenity Community on Gitter: https://gitter.im/serenity-bdd/serenity-core 
 Serenity BDD Support and Training at http://serenity-bdd.info/#/trainingandsupport  
-------------------------------------------------------------------------------------

19:57:38.716 [Test worker] DEBUG net.thucydides.core.steps.StepEventBus - Test suite started for story net.thucydides.core.model.Story@7c2e0149
19:57:38.723 [Test worker] INFO  - Test Suite Started: Academy Choucair

1 Scenarios (?[32m1 passed?[0m)
3 Steps (?[32m3 passed?[0m)
0m50,084s


19:58:28.088 [Test worker] DEBUG net.thucydides.core.reports.ReportService - Reporting formats: [JSON, HTML]
19:58:28.369 [Test worker] DEBUG net.thucydides.core.reports.ReportService - Reporting formats: [JSON, HTML]
19:58:28.415 [Test worker] DEBUG net.thucydides.core.reports.ReportService - Generating reports for 1 test outcomes using: net.thucydides.core.reports.json.JSONTestOutcomeReporter@5caa0ddd
19:58:28.422 [pool-1-thread-1] DEBUG net.thucydides.core.reports.ReportService - Processing test outcome Academy Choucair:Search for an automation course
19:58:28.423 [pool-1-thread-1] DEBUG net.thucydides.core.reports.ReportService - net.thucydides.core.reports.json.JSONTestOutcomeReporter@5caa0ddd: Generating report for test outcome: Academy Choucair:Search for an automation course
19:58:28.428 [pool-1-thread-1] DEBUG net.thucydides.core.reports.json.JSONTestOutcomeReporter - Generating JSON report for Search for an automation course to file D:\Documents\Dev\IntelliJ\co.com.choucair.certification.proyectbase\target\site\serenity\533c322e7819417b7a9f60720ef5a9c2eb9bec385ec9723aba6190f82ff4c82d.json (using temp file D:\Documents\Dev\IntelliJ\co.com.choucair.certification.proyectbase\target\site\serenity\533c322e7819417b7a9f60720ef5a9c2eb9bec385ec9723aba6190f82ff4c82d.json039fcc81-8d1e-4fb6-83a0-1fe15056e6a5)
19:58:28.515 [pool-1-thread-1] DEBUG net.thucydides.core.reports.ReportService - Processing test outcome Academy Choucair:Search for an automation course done
19:58:28.516 [Test worker] DEBUG net.thucydides.core.reports.ReportService - Shutting down executor service
19:58:28.516 [Test worker] DEBUG net.thucydides.core.reports.ReportService - Reports generated in: 100 ms
19:58:28.516 [Test worker] DEBUG net.thucydides.core.reports.ReportService - Generating reports for 1 test outcomes using: net.thucydides.core.reports.html.HtmlAcceptanceTestReporter@30bedd4e
19:58:28.520 [pool-2-thread-1] DEBUG net.thucydides.core.reports.ReportService - Processing test outcome Academy Choucair:Search for an automation course
19:58:28.520 [pool-2-thread-1] DEBUG net.thucydides.core.reports.ReportService - net.thucydides.core.reports.html.HtmlAcceptanceTestReporter@30bedd4e: Generating report for test outcome: Academy Choucair:Search for an automation course
19:58:28.521 [pool-2-thread-1] DEBUG net.thucydides.core.reports.html.HtmlAcceptanceTestReporter - GENERATE TEST OUTCOME REPORT FOR Search for an automation course in 533c322e7819417b7a9f60720ef5a9c2eb9bec385ec9723aba6190f82ff4c82d
19:58:28.543 [pool-2-thread-1] DEBUG net.thucydides.core.requirements.PackageRequirementsTagProvider - Loading requirements from package requirements at: net.thucydides.showcase.cucumber.junit
19:58:29.737 [pool-2-thread-1] DEBUG net.thucydides.core.requirements.model.cucumber.CucumberParser - Added feature Academy Choucair
19:58:29.739 [pool-2-thread-1] DEBUG net.thucydides.core.requirements.RequirementsTagProvider -  found:[Requirement{name='Academy Choucair', type='feature' parent = 'null', cardNumber='null'}]
19:58:29.750 [pool-2-thread-1] DEBUG net.thucydides.core.requirements.BaseRequirementsService - Requirement found for test outcome Search for an automation course-[]: Optional[Requirement{name='Academy Choucair', type='feature' parent = 'null', cardNumber='null'}]
19:58:29.756 [pool-2-thread-1] DEBUG net.thucydides.core.requirements.BaseRequirementsService - Requirement found for test outcome Search for an automation course-[]: Optional[Requirement{name='Academy Choucair', type='feature' parent = 'null', cardNumber='null'}]
19:58:30.419 [pool-2-thread-1] DEBUG net.thucydides.core.requirements.BaseRequirementsService - Requirement found for test outcome Search for an automation course-[]: Optional[Requirement{name='Academy Choucair', type='feature' parent = 'null', cardNumber='null'}]
19:58:30.423 [pool-2-thread-1] DEBUG net.thucydides.core.requirements.BaseRequirementsService - Requirement found for test outcome Search for an automation course-[]: Optional[Requirement{name='Academy Choucair', type='feature' parent = 'null', cardNumber='null'}]
19:58:30.431 [pool-2-thread-1] DEBUG net.thucydides.core.reports.html.HtmlAcceptanceTestReporter - Generating report in 533c322e7819417b7a9f60720ef5a9c2eb9bec385ec9723aba6190f82ff4c82d_screenshots.html
19:58:31.956 [pool-2-thread-1] DEBUG net.thucydides.core.reports.html.HtmlAcceptanceTestReporter - Generated report 533c322e7819417b7a9f60720ef5a9c2eb9bec385ec9723aba6190f82ff4c82d_screenshots.html in 1525 ms
19:58:31.961 [pool-2-thread-1] DEBUG net.thucydides.core.reports.html.HtmlAcceptanceTestReporter - GENERATING HTML REPORT FOR Academy Choucair:Search for an automation course in 533c322e7819417b7a9f60720ef5a9c2eb9bec385ec9723aba6190f82ff4c82d.html in directory target\site\serenity  
19:58:31.970 [pool-2-thread-1] DEBUG net.thucydides.core.reports.html.HtmlAcceptanceTestReporter - Generating report in 533c322e7819417b7a9f60720ef5a9c2eb9bec385ec9723aba6190f82ff4c82d.html
19:58:33.363 [pool-2-thread-1] DEBUG net.thucydides.core.reports.html.HtmlAcceptanceTestReporter - Generated report 533c322e7819417b7a9f60720ef5a9c2eb9bec385ec9723aba6190f82ff4c82d.html in 1393 ms
19:58:33.364 [pool-2-thread-1] DEBUG net.thucydides.core.reports.ReportService - Processing test outcome Academy Choucair:Search for an automation course done
19:58:33.364 [Test worker] DEBUG net.thucydides.core.reports.ReportService - Shutting down executor service
19:58:33.365 [Test worker] DEBUG net.thucydides.core.reports.ReportService - Reports generated in: 4848 ms
19:58:33.952 [Test worker] DEBUG net.serenitybdd.core.photography.Darkroom - Closing darkroom
19:58:33.953 [Darkroom Processing Line] DEBUG net.serenitybdd.core.photography.DarkroomProcessingLine - Darkroom processing line shutting down
]]></system-out>
  <system-err><![CDATA[SLF4J: Class path contains multiple SLF4J bindings.
SLF4J: Found binding in [jar:file:/C:/Users/Alex/.gradle/caches/modules-2/files-2.1/ch.qos.logback/logback-classic/1.2.3/7c4f3c474fb2c041d8028740440937705ebb473a/logback-classic-1.2.3.jar!/org/slf4j/impl/StaticLoggerBinder.class]
SLF4J: Found binding in [jar:file:/C:/Users/Alex/.gradle/caches/modules-2/files-2.1/org.slf4j/slf4j-simple/1.7.7/8095d0b9f7e0a9cd79a663c740e0f8fb31d0e2c8/slf4j-simple-1.7.7.jar!/org/slf4j/impl/StaticLoggerBinder.class]
SLF4J: See http://www.slf4j.org/codes.html#multiple_bindings for an explanation.
SLF4J: Actual binding is of type [ch.qos.logback.classic.util.ContextSelectorStaticBinder]
]]></system-err>
</testsuite>
